2020-03-03 08:07:47,309 [myid:] - INFO  [main:QuorumPeerConfig@136] - Reading configuration from: conf/zoo.cfg
2020-03-03 08:07:47,312 [myid:] - INFO  [main:DatadirCleanupManager@78] - autopurge.snapRetainCount set to 3
2020-03-03 08:07:47,312 [myid:] - INFO  [main:DatadirCleanupManager@79] - autopurge.purgeInterval set to 0
2020-03-03 08:07:47,312 [myid:] - INFO  [main:DatadirCleanupManager@101] - Purge task is not scheduled.
2020-03-03 08:07:47,312 [myid:] - WARN  [main:QuorumPeerMain@116] - Either no config or no quorum defined in config, running  in standalone mode
2020-03-03 08:07:47,319 [myid:] - INFO  [main:QuorumPeerConfig@136] - Reading configuration from: conf/zoo.cfg
2020-03-03 08:07:47,319 [myid:] - INFO  [main:ZooKeeperServerMain@98] - Starting server
2020-03-03 08:07:47,326 [myid:] - INFO  [main:Environment@100] - Server environment:zookeeper.version=3.4.11-37e277162d567b55a07d1755f0b31c32e93c01a0, built on 11/01/2017 18:06 GMT
2020-03-03 08:07:47,326 [myid:] - INFO  [main:Environment@100] - Server environment:host.name=ug220.eecg.toronto.edu
2020-03-03 08:07:47,326 [myid:] - INFO  [main:Environment@100] - Server environment:java.version=1.8.0_242
2020-03-03 08:07:47,326 [myid:] - INFO  [main:Environment@100] - Server environment:java.vendor=Oracle Corporation
2020-03-03 08:07:47,326 [myid:] - INFO  [main:Environment@100] - Server environment:java.home=/usr/lib/jvm/java-8-openjdk-amd64/jre
2020-03-03 08:07:47,326 [myid:] - INFO  [main:Environment@100] - Server environment:java.class.path=/homes/s/singalan/ece419/Cloud-Database/m2/zookeeper-3.4.11/bin/../build/classes:/homes/s/singalan/ece419/Cloud-Database/m2/zookeeper-3.4.11/bin/../build/lib/*.jar:/homes/s/singalan/ece419/Cloud-Database/m2/zookeeper-3.4.11/bin/../lib/slf4j-log4j12-1.6.1.jar:/homes/s/singalan/ece419/Cloud-Database/m2/zookeeper-3.4.11/bin/../lib/slf4j-api-1.6.1.jar:/homes/s/singalan/ece419/Cloud-Database/m2/zookeeper-3.4.11/bin/../lib/netty-3.10.5.Final.jar:/homes/s/singalan/ece419/Cloud-Database/m2/zookeeper-3.4.11/bin/../lib/log4j-1.2.16.jar:/homes/s/singalan/ece419/Cloud-Database/m2/zookeeper-3.4.11/bin/../lib/jline-0.9.94.jar:/homes/s/singalan/ece419/Cloud-Database/m2/zookeeper-3.4.11/bin/../lib/audience-annotations-0.5.0.jar:/homes/s/singalan/ece419/Cloud-Database/m2/zookeeper-3.4.11/bin/../zookeeper-3.4.11.jar:/homes/s/singalan/ece419/Cloud-Database/m2/zookeeper-3.4.11/bin/../src/java/lib/*.jar:/homes/s/singalan/ece419/Cloud-Database/m2/zookeeper-3.4.11/bin/../conf:
2020-03-03 08:07:47,327 [myid:] - INFO  [main:Environment@100] - Server environment:java.library.path=/usr/java/packages/lib/amd64:/usr/lib/x86_64-linux-gnu/jni:/lib/x86_64-linux-gnu:/usr/lib/x86_64-linux-gnu:/usr/lib/jni:/lib:/usr/lib
2020-03-03 08:07:47,327 [myid:] - INFO  [main:Environment@100] - Server environment:java.io.tmpdir=/tmp
2020-03-03 08:07:47,327 [myid:] - INFO  [main:Environment@100] - Server environment:java.compiler=<NA>
2020-03-03 08:07:47,327 [myid:] - INFO  [main:Environment@100] - Server environment:os.name=Linux
2020-03-03 08:07:47,327 [myid:] - INFO  [main:Environment@100] - Server environment:os.arch=amd64
2020-03-03 08:07:47,327 [myid:] - INFO  [main:Environment@100] - Server environment:os.version=4.9.0-12-amd64
2020-03-03 08:07:47,328 [myid:] - INFO  [main:Environment@100] - Server environment:user.name=singalan
2020-03-03 08:07:47,328 [myid:] - INFO  [main:Environment@100] - Server environment:user.home=/homes/s/singalan
2020-03-03 08:07:47,328 [myid:] - INFO  [main:Environment@100] - Server environment:user.dir=/nfs/ug/homes-0/s/singalan/ece419/Cloud-Database/m2/zookeeper-3.4.11
2020-03-03 08:07:47,337 [myid:] - INFO  [main:ZooKeeperServer@825] - tickTime set to 2000
2020-03-03 08:07:47,338 [myid:] - INFO  [main:ZooKeeperServer@834] - minSessionTimeout set to -1
2020-03-03 08:07:47,338 [myid:] - INFO  [main:ZooKeeperServer@843] - maxSessionTimeout set to -1
2020-03-03 08:07:47,342 [myid:] - INFO  [main:ServerCnxnFactory@117] - Using org.apache.zookeeper.server.NIOServerCnxnFactory as server connection factory
2020-03-03 08:07:47,345 [myid:] - INFO  [main:NIOServerCnxnFactory@89] - binding to port 0.0.0.0/0.0.0.0:2181
2020-03-03 08:07:47,345 [myid:] - ERROR [main:ZooKeeperServerMain@66] - Unexpected exception, exiting abnormally
java.net.BindException: Address already in use
	at sun.nio.ch.Net.bind0(Native Method)
	at sun.nio.ch.Net.bind(Net.java:433)
	at sun.nio.ch.Net.bind(Net.java:425)
	at sun.nio.ch.ServerSocketChannelImpl.bind(ServerSocketChannelImpl.java:220)
	at sun.nio.ch.ServerSocketAdaptor.bind(ServerSocketAdaptor.java:85)
	at sun.nio.ch.ServerSocketAdaptor.bind(ServerSocketAdaptor.java:78)
	at org.apache.zookeeper.server.NIOServerCnxnFactory.configure(NIOServerCnxnFactory.java:90)
	at org.apache.zookeeper.server.ZooKeeperServerMain.runFromConfig(ZooKeeperServerMain.java:119)
	at org.apache.zookeeper.server.ZooKeeperServerMain.initializeAndRun(ZooKeeperServerMain.java:89)
	at org.apache.zookeeper.server.ZooKeeperServerMain.main(ZooKeeperServerMain.java:55)
	at org.apache.zookeeper.server.quorum.QuorumPeerMain.initializeAndRun(QuorumPeerMain.java:119)
	at org.apache.zookeeper.server.quorum.QuorumPeerMain.main(QuorumPeerMain.java:81)
