2020-01-23 12:35:45,171 INFO  [Thread-0] root: Initialize server ...
2020-01-23 12:35:45,174 INFO  [Thread-0] root: Server listening on port: 8000
2020-01-24 01:36:49,387 INFO  [Thread-0] root: Initialize server ...
2020-01-24 01:36:49,389 INFO  [Thread-0] root: Server listening on port: 8000
2020-01-24 01:38:10,886 INFO  [Thread-0] root: Initialize server ...
2020-01-24 01:38:10,888 INFO  [Thread-0] root: Server listening on port: 8000
2020-01-24 01:39:13,867 INFO  [Thread-0] root: Initialize server ...
2020-01-24 01:39:13,869 INFO  [Thread-0] root: Server listening on port: 8000
2020-01-24 01:40:08,171 INFO  [Thread-0] root: Initialize server ...
2020-01-24 01:40:08,173 INFO  [Thread-0] root: Server listening on port: 8000
2020-01-24 01:41:05,038 INFO  [Thread-0] root: Initialize server ...
2020-01-24 01:41:05,040 INFO  [Thread-0] root: Server listening on port: 8000
2020-01-24 15:08:24,480 INFO  [Thread-0] root: Initialize server ...
2020-01-24 15:08:24,482 INFO  [Thread-0] root: Server listening on port: 8000
2020-01-24 15:15:54,887 INFO  [Thread-0] root: Initialize server ...
2020-01-24 15:15:54,890 INFO  [Thread-0] root: Server listening on port: 8000
2020-01-24 15:17:37,053 INFO  [Thread-0] root: Initialize server ...
2020-01-24 15:17:37,055 INFO  [Thread-0] root: Server listening on port: 8000
2020-01-24 15:44:51,244 INFO  [Thread-0] root: Initialize server ...
2020-01-24 15:44:51,247 INFO  [Thread-0] root: Server listening on port: 8000
2020-01-24 18:27:52,149 INFO  [Thread-0] root: Initialize server ...
2020-01-24 18:27:52,152 ERROR [Thread-0] root: Error! Cannot open server socket:
2020-01-24 18:27:52,152 ERROR [Thread-0] root: Port 8000 is already bound!
2020-01-24 18:27:52,152 INFO  [Thread-0] root: Server stopped!
2020-01-24 18:28:05,908 INFO  [Thread-0] root: Initialize server ...
2020-01-24 18:28:05,910 INFO  [Thread-0] root: Server listening on port: 8080
2020-01-24 18:33:37,086 INFO  [Thread-0] root: Initialize server ...
2020-01-24 18:33:37,088 INFO  [Thread-0] root: Server listening on port: 8080
2020-01-25 02:00:05,063 INFO  [Thread-0] root: Initialize server ...
2020-01-25 02:00:05,066 INFO  [Thread-0] root: Server listening on port: 8080
2020-01-25 02:15:55,313 INFO  [Thread-0] root: Initialize server ...
2020-01-25 02:15:55,316 INFO  [Thread-0] root: Server listening on port: 8080
2020-01-25 02:16:20,478 INFO  [Thread-0] root: Initialize server ...
2020-01-25 02:16:20,481 INFO  [Thread-0] root: Server listening on port: 8080
2020-01-25 02:16:43,017 INFO  [Thread-0] root: Initialize server ...
2020-01-25 02:16:43,020 INFO  [Thread-0] root: Server listening on port: 8080
2020-01-25 02:17:30,413 INFO  [Thread-0] root: Initialize server ...
2020-01-25 02:17:30,416 INFO  [Thread-0] root: Server listening on port: 8080
2020-01-25 02:17:50,825 INFO  [Thread-0] root: Initialize server ...
2020-01-25 02:17:50,828 INFO  [Thread-0] root: Server listening on port: 8080
2020-01-25 02:35:15,877 INFO  [Thread-0] root: Initialize server ...
2020-01-25 02:35:15,879 INFO  [Thread-0] root: Server listening on port: 8080
2020-01-25 02:35:58,436 INFO  [Thread-0] root: Initialize server ...
2020-01-25 02:35:58,438 INFO  [Thread-0] root: Server listening on port: 8080
2020-01-25 02:36:26,091 INFO  [Thread-0] root: Initialize server ...
2020-01-25 02:36:26,093 INFO  [Thread-0] root: Server listening on port: 8080
2020-01-25 02:38:57,685 INFO  [Thread-0] root: Initialize server ...
2020-01-25 02:38:57,688 INFO  [Thread-0] root: Server listening on port: 8080
